Build started 2016/6/21 9:45:23.
     1>Project "F:\develop\vs\DxStudy\DxFontStudy\DxFontStudy.vcxproj" on node 2 (rebuild target(s)).
     1>_PrepareForClean:
         Deleting file "Debug\DxFontStudy.lastbuildstate".
       InitializeBuildStatus:
         Creating "Debug\DxFontStudy.unsuccessfulbuild" because "AlwaysCreate" was specified.
       ClCompile:
         C:\Program Files (x86)\Microsoft Visual Studio 10.0\VC\bin\CL.exe /c /ZI /nologo /W3 /WX- /Od /Oy- /D WIN32 /D _DEBUG /D _WINDOWS /D _UNICODE /D UNICODE /Gm /EHsc /RTC1 /MDd /GS /fp:precise /Zc:wchar_t /Zc:forScope /Yc"StdAfx.h" /Fp"Debug\DxFontStudy.pch" /Fo"Debug\\" /Fd"Debug\vc100.pdb" /Gd /TP /analyze- /errorReport:prompt stdafx.cpp
         stdafx.cpp
         C:\Program Files (x86)\Microsoft Visual Studio 10.0\VC\bin\CL.exe /c /ZI /nologo /W3 /WX- /Od /Oy- /D WIN32 /D _DEBUG /D _WINDOWS /D _UNICODE /D UNICODE /Gm /EHsc /RTC1 /MDd /GS /fp:precise /Zc:wchar_t /Zc:forScope /Yu"StdAfx.h" /Fp"Debug\DxFontStudy.pch" /Fo"Debug\\" /Fd"Debug\vc100.pdb" /Gd /TP /analyze- /errorReport:prompt DxFontStudy.cpp
         DxFontStudy.cpp
       ResourceCompile:
         C:\Program Files (x86)\Microsoft SDKs\Windows\v7.0A\bin\rc.exe /D _UNICODE /D UNICODE /l"0x0409" /nologo /fo"Debug\DxFontStudy.res" DxFontStudy.rc 
       ManifestResourceCompile:
         C:\Program Files (x86)\Microsoft SDKs\Windows\v7.0A\bin\rc.exe /nologo /fo"Debug\DxFontStudy.exe.embed.manifest.res" Debug\DxFontStudy_manifest.rc 
       Link:
         C:\Program Files (x86)\Microsoft Visual Studio 10.0\VC\bin\link.exe /ERRORREPORT:PROMPT /OUT:"F:\develop\vs\DxStudy\Debug\DxFontStudy.exe" /INCREMENTAL /NOLOGO kernel32.lib user32.lib gdi32.lib winspool.lib comdlg32.lib advapi32.lib shell32.lib ole32.lib oleaut32.lib uuid.lib odbc32.lib odbccp32.lib /MANIFEST /ManifestFile:"Debug\DxFontStudy.exe.intermediate.manifest" /MANIFESTUAC:"level='asInvoker' uiAccess='false'" /DEBUG /PDB:"F:\develop\vs\DxStudy\Debug\DxFontStudy.pdb" /SUBSYSTEM:WINDOWS /TLBID:1 /DYNAMICBASE /NXCOMPAT /IMPLIB:"F:\develop\vs\DxStudy\Debug\DxFontStudy.lib" /MACHINE:X86 Debug\DxFontStudy.res
         Debug\DxFontStudy.exe.embed.manifest.res
         Debug\DxFontStudy.obj
         Debug\stdafx.obj
       Manifest:
         Deleting file "Debug\DxFontStudy.exe.embed.manifest".
         C:\Program Files (x86)\Microsoft SDKs\Windows\v7.0A\bin\mt.exe /nologo /verbose /out:"Debug\DxFontStudy.exe.embed.manifest" /manifest Debug\DxFontStudy.exe.intermediate.manifest
         C:\Program Files (x86)\Microsoft SDKs\Windows\v7.0A\bin\rc.exe /nologo /fo"Debug\DxFontStudy.exe.embed.manifest.res" Debug\DxFontStudy_manifest.rc 
       LinkEmbedManifest:
         C:\Program Files (x86)\Microsoft Visual Studio 10.0\VC\bin\link.exe /ERRORREPORT:PROMPT /OUT:"F:\develop\vs\DxStudy\Debug\DxFontStudy.exe" /INCREMENTAL /NOLOGO kernel32.lib user32.lib gdi32.lib winspool.lib comdlg32.lib advapi32.lib shell32.lib ole32.lib oleaut32.lib uuid.lib odbc32.lib odbccp32.lib /MANIFEST /ManifestFile:"Debug\DxFontStudy.exe.intermediate.manifest" /MANIFESTUAC:"level='asInvoker' uiAccess='false'" /DEBUG /PDB:"F:\develop\vs\DxStudy\Debug\DxFontStudy.pdb" /SUBSYSTEM:WINDOWS /TLBID:1 /DYNAMICBASE /NXCOMPAT /IMPLIB:"F:\develop\vs\DxStudy\Debug\DxFontStudy.lib" /MACHINE:X86 Debug\DxFontStudy.res
         Debug\DxFontStudy.exe.embed.manifest.res
         Debug\DxFontStudy.obj
         Debug\stdafx.obj
         DxFontStudy.vcxproj -> F:\develop\vs\DxStudy\Debug\DxFontStudy.exe
       FinalizeBuildStatus:
         Deleting file "Debug\DxFontStudy.unsuccessfulbuild".
         Touching "Debug\DxFontStudy.lastbuildstate".
     1>Done Building Project "F:\develop\vs\DxStudy\DxFontStudy\DxFontStudy.vcxproj" (rebuild target(s)).

Build succeeded.

Time Elapsed 00:00:01.06
