F:\DEVELOP\VS\DXSTUDY\DEBUG\DXFONTSTUDY.EXE
F:\DEVELOP\VS\DXSTUDY\DEBUG\DXFONTSTUDY.ILK
F:\DEVELOP\VS\DXSTUDY\DEBUG\DXFONTSTUDY.PDB
F:\develop\vs\DxStudy\DxFontStudy\Debug\cl.command.1.tlog
F:\develop\vs\DxStudy\DxFontStudy\Debug\CL.read.1.tlog
F:\develop\vs\DxStudy\DxFontStudy\Debug\CL.write.1.tlog
F:\DEVELOP\VS\DXSTUDY\DXFONTSTUDY\DEBUG\DXFONTSTUDY.EXE.EMBED.MANIFEST
F:\DEVELOP\VS\DXSTUDY\DXFONTSTUDY\DEBUG\DXFONTSTUDY.EXE.EMBED.MANIFEST.RES
F:\DEVELOP\VS\DXSTUDY\DXFONTSTUDY\DEBUG\DXFONTSTUDY.EXE.INTERMEDIATE.MANIFEST
F:\DEVELOP\VS\DXSTUDY\DXFONTSTUDY\DEBUG\DXFONTSTUDY.OBJ
F:\DEVELOP\VS\DXSTUDY\DXFONTSTUDY\DEBUG\DXFONTSTUDY.PCH
F:\DEVELOP\VS\DXSTUDY\DXFONTSTUDY\DEBUG\DXFONTSTUDY.RES
F:\develop\vs\DxStudy\DxFontStudy\Debug\DxFontStudy.vcxprojResolveAssemblyReference.cache
F:\develop\vs\DxStudy\DxFontStudy\Debug\DxFontStudy.write.1.tlog
F:\develop\vs\DxStudy\DxFontStudy\Debug\DxFontStudy_manifest.rc
F:\develop\vs\DxStudy\DxFontStudy\Debug\link.command.1.tlog
F:\develop\vs\DxStudy\DxFontStudy\Debug\link.read.1.tlog
F:\develop\vs\DxStudy\DxFontStudy\Debug\link.write.1.tlog
F:\develop\vs\DxStudy\DxFontStudy\Debug\link-cvtres.read.1.tlog
F:\develop\vs\DxStudy\DxFontStudy\Debug\link-cvtres.write.1.tlog
F:\develop\vs\DxStudy\DxFontStudy\Debug\mt.command.1.tlog
F:\develop\vs\DxStudy\DxFontStudy\Debug\mt.read.1.tlog
F:\develop\vs\DxStudy\DxFontStudy\Debug\mt.write.1.tlog
F:\develop\vs\DxStudy\DxFontStudy\Debug\rc.command.1.tlog
F:\develop\vs\DxStudy\DxFontStudy\Debug\rc.read.1.tlog
F:\develop\vs\DxStudy\DxFontStudy\Debug\rc.write.1.tlog
F:\DEVELOP\VS\DXSTUDY\DXFONTSTUDY\DEBUG\STDAFX.OBJ
F:\develop\vs\DxStudy\DxFontStudy\Debug\vc100.idb
F:\DEVELOP\VS\DXSTUDY\DXFONTSTUDY\DEBUG\VC100.PDB
