F:\DEVELOP\VS\DXSTUDY\DEBUG\MESHSTUDY.EXE
F:\DEVELOP\VS\DXSTUDY\DEBUG\MESHSTUDY.ILK
F:\DEVELOP\VS\DXSTUDY\DEBUG\MESHSTUDY.PDB
F:\develop\vs\DxStudy\MeshStudy\Debug\cl.command.1.tlog
F:\develop\vs\DxStudy\MeshStudy\Debug\CL.read.1.tlog
F:\develop\vs\DxStudy\MeshStudy\Debug\CL.write.1.tlog
F:\DEVELOP\VS\DXSTUDY\MESHSTUDY\DEBUG\D3DUTILITY.OBJ
F:\DEVELOP\VS\DXSTUDY\MESHSTUDY\DEBUG\D3DXCREATEMESHFVF.OBJ
F:\develop\vs\DxStudy\MeshStudy\Debug\link.17020.read.1.tlog
F:\develop\vs\DxStudy\MeshStudy\Debug\link.17020.write.1.tlog
F:\develop\vs\DxStudy\MeshStudy\Debug\link.17020-cvtres.read.1.tlog
F:\develop\vs\DxStudy\MeshStudy\Debug\link.17020-cvtres.write.1.tlog
F:\develop\vs\DxStudy\MeshStudy\Debug\link.command.1.tlog
F:\develop\vs\DxStudy\MeshStudy\Debug\link.read.1.tlog
F:\develop\vs\DxStudy\MeshStudy\Debug\link.write.1.tlog
F:\develop\vs\DxStudy\MeshStudy\Debug\link-cvtres.read.1.tlog
F:\develop\vs\DxStudy\MeshStudy\Debug\link-cvtres.write.1.tlog
F:\DEVELOP\VS\DXSTUDY\MESHSTUDY\DEBUG\MESHSTUDY.EXE.EMBED.MANIFEST
F:\DEVELOP\VS\DXSTUDY\MESHSTUDY\DEBUG\MESHSTUDY.EXE.EMBED.MANIFEST.RES
F:\DEVELOP\VS\DXSTUDY\MESHSTUDY\DEBUG\MESHSTUDY.EXE.INTERMEDIATE.MANIFEST
F:\develop\vs\DxStudy\MeshStudy\Debug\MeshStudy.write.1.tlog
F:\develop\vs\DxStudy\MeshStudy\Debug\MeshStudy_manifest.rc
F:\develop\vs\DxStudy\MeshStudy\Debug\mt.command.1.tlog
F:\develop\vs\DxStudy\MeshStudy\Debug\mt.read.1.tlog
F:\develop\vs\DxStudy\MeshStudy\Debug\mt.write.1.tlog
F:\develop\vs\DxStudy\MeshStudy\Debug\rc.command.1.tlog
F:\develop\vs\DxStudy\MeshStudy\Debug\rc.read.1.tlog
F:\develop\vs\DxStudy\MeshStudy\Debug\rc.write.1.tlog
F:\develop\vs\DxStudy\MeshStudy\Debug\vc100.idb
F:\DEVELOP\VS\DXSTUDY\MESHSTUDY\DEBUG\VC100.PDB
