Build started 2016/7/20 17:49:35.
     1>Project "F:\develop\vs\DxStudy\MeshStudy\MeshStudy.vcxproj" on node 2 (rebuild target(s)).
     1>_PrepareForClean:
         Deleting file "Debug\MeshStudy.lastbuildstate".
       InitializeBuildStatus:
         Creating "Debug\MeshStudy.unsuccessfulbuild" because "AlwaysCreate" was specified.
       ClCompile:
         C:\Program Files (x86)\Microsoft Visual Studio 10.0\VC\bin\CL.exe /c /ZI /nologo /W3 /WX- /Od /Oy- /D WIN32 /D _DEBUG /D _WINDOWS /Gm /EHsc /RTC1 /MDd /GS /fp:precise /Zc:wchar_t /Zc:forScope /Fo"Debug\\" /Fd"Debug\vc100.pdb" /Gd /TP /analyze- /errorReport:prompt d3dUtility.cpp d3dxcreatemeshfvf.cpp
         d3dxcreatemeshfvf.cpp
     1>f:\develop\vs\dxstudy\meshstudy\d3dxcreatemeshfvf.cpp(386): warning C4018: '<' : signed/unsigned mismatch
     1>f:\develop\vs\dxstudy\meshstudy\d3dxcreatemeshfvf.cpp(406): warning C4018: '<' : signed/unsigned mismatch
     1>f:\develop\vs\dxstudy\meshstudy\d3dxcreatemeshfvf.cpp(427): warning C4018: '<' : signed/unsigned mismatch
     1>f:\develop\vs\dxstudy\meshstudy\d3dxcreatemeshfvf.cpp(447): warning C4018: '<' : signed/unsigned mismatch
     1>f:\develop\vs\dxstudy\meshstudy\d3dxcreatemeshfvf.cpp(472): warning C4018: '<' : signed/unsigned mismatch
         d3dUtility.cpp
         Generating Code...
       ManifestResourceCompile:
         C:\Program Files (x86)\Microsoft SDKs\Windows\v7.0A\bin\rc.exe /nologo /fo"Debug\MeshStudy.exe.embed.manifest.res" Debug\MeshStudy_manifest.rc 
       Link:
         C:\Program Files (x86)\Microsoft Visual Studio 10.0\VC\bin\link.exe /ERRORREPORT:PROMPT /OUT:"F:\develop\vs\DxStudy\Debug\MeshStudy.exe" /INCREMENTAL /NOLOGO d3d9.lib d3dx10d.lib d3dx9d.lib dxerr.lib dxguid.lib winmm.lib comctl32.lib kernel32.lib user32.lib gdi32.lib winspool.lib comdlg32.lib advapi32.lib shell32.lib ole32.lib oleaut32.lib uuid.lib odbc32.lib odbccp32.lib /MANIFEST /ManifestFile:"Debug\MeshStudy.exe.intermediate.manifest" /MANIFESTUAC:"level='asInvoker' uiAccess='false'" /DEBUG /PDB:"F:\develop\vs\DxStudy\Debug\MeshStudy.pdb" /SUBSYSTEM:WINDOWS /TLBID:1 /DYNAMICBASE /NXCOMPAT /IMPLIB:"F:\develop\vs\DxStudy\Debug\MeshStudy.lib" /MACHINE:X86 Debug\MeshStudy.exe.embed.manifest.res
         Debug\d3dUtility.obj
         Debug\d3dxcreatemeshfvf.obj
       Manifest:
         Deleting file "Debug\MeshStudy.exe.embed.manifest".
         C:\Program Files (x86)\Microsoft SDKs\Windows\v7.0A\bin\mt.exe /nologo /verbose /out:"Debug\MeshStudy.exe.embed.manifest" /manifest Debug\MeshStudy.exe.intermediate.manifest
         C:\Program Files (x86)\Microsoft SDKs\Windows\v7.0A\bin\rc.exe /nologo /fo"Debug\MeshStudy.exe.embed.manifest.res" Debug\MeshStudy_manifest.rc 
       LinkEmbedManifest:
         C:\Program Files (x86)\Microsoft Visual Studio 10.0\VC\bin\link.exe /ERRORREPORT:PROMPT /OUT:"F:\develop\vs\DxStudy\Debug\MeshStudy.exe" /INCREMENTAL /NOLOGO d3d9.lib d3dx10d.lib d3dx9d.lib dxerr.lib dxguid.lib winmm.lib comctl32.lib kernel32.lib user32.lib gdi32.lib winspool.lib comdlg32.lib advapi32.lib shell32.lib ole32.lib oleaut32.lib uuid.lib odbc32.lib odbccp32.lib /MANIFEST /ManifestFile:"Debug\MeshStudy.exe.intermediate.manifest" /MANIFESTUAC:"level='asInvoker' uiAccess='false'" /DEBUG /PDB:"F:\develop\vs\DxStudy\Debug\MeshStudy.pdb" /SUBSYSTEM:WINDOWS /TLBID:1 /DYNAMICBASE /NXCOMPAT /IMPLIB:"F:\develop\vs\DxStudy\Debug\MeshStudy.lib" /MACHINE:X86 Debug\MeshStudy.exe.embed.manifest.res
         Debug\d3dUtility.obj
         Debug\d3dxcreatemeshfvf.obj
         MeshStudy.vcxproj -> F:\develop\vs\DxStudy\Debug\MeshStudy.exe
       FinalizeBuildStatus:
         Deleting file "Debug\MeshStudy.unsuccessfulbuild".
         Touching "Debug\MeshStudy.lastbuildstate".
     1>Done Building Project "F:\develop\vs\DxStudy\MeshStudy\MeshStudy.vcxproj" (rebuild target(s)).

Build succeeded.

Time Elapsed 00:00:02.62
