Build started 2016/7/20 17:54:34.
     1>Project "F:\develop\vs\DxStudy\CameraStudy\CameraStudy.vcxproj" on node 2 (build target(s)).
     1>InitializeBuildStatus:
         Touching "Debug\CameraStudy.unsuccessfulbuild".
       ClCompile:
         C:\Program Files (x86)\Microsoft Visual Studio 10.0\VC\bin\CL.exe /c /ZI /nologo /W3 /WX- /Od /Oy- /D WIN32 /D _DEBUG /D _WINDOWS /Gm /EHsc /RTC1 /MDd /GS /fp:precise /Zc:wchar_t /Zc:forScope /Fo"Debug\\" /Fd"Debug\vc100.pdb" /Gd /TP /analyze- /errorReport:prompt camera.cpp cameraApp.cpp d3dUtility.cpp
         d3dUtility.cpp
         cameraApp.cpp
         camera.cpp
         Generating Code...
       ManifestResourceCompile:
         C:\Program Files (x86)\Microsoft SDKs\Windows\v7.0A\bin\rc.exe /nologo /fo"Debug\CameraStudy.exe.embed.manifest.res" Debug\CameraStudy_manifest.rc 
       Link:
         C:\Program Files (x86)\Microsoft Visual Studio 10.0\VC\bin\link.exe /ERRORREPORT:PROMPT /OUT:"F:\develop\vs\DxStudy\Debug\CameraStudy.exe" /INCREMENTAL /NOLOGO d3d9.lib d3dx10d.lib d3dx9d.lib dxerr.lib dxguid.lib winmm.lib comctl32.lib kernel32.lib user32.lib gdi32.lib winspool.lib comdlg32.lib advapi32.lib shell32.lib ole32.lib oleaut32.lib uuid.lib odbc32.lib odbccp32.lib /MANIFEST /ManifestFile:"Debug\CameraStudy.exe.intermediate.manifest" /MANIFESTUAC:"level='asInvoker' uiAccess='false'" /DEBUG /PDB:"F:\develop\vs\DxStudy\Debug\CameraStudy.pdb" /SUBSYSTEM:WINDOWS /TLBID:1 /DYNAMICBASE /NXCOMPAT /IMPLIB:"F:\develop\vs\DxStudy\Debug\CameraStudy.lib" /MACHINE:X86 Debug\CameraStudy.exe.embed.manifest.res
         Debug\camera.obj
         Debug\cameraApp.obj
         Debug\d3dUtility.obj
       Manifest:
         C:\Program Files (x86)\Microsoft SDKs\Windows\v7.0A\bin\mt.exe /nologo /verbose /out:"Debug\CameraStudy.exe.embed.manifest" /manifest Debug\CameraStudy.exe.intermediate.manifest
         C:\Program Files (x86)\Microsoft SDKs\Windows\v7.0A\bin\rc.exe /nologo /fo"Debug\CameraStudy.exe.embed.manifest.res" Debug\CameraStudy_manifest.rc 
       LinkEmbedManifest:
         C:\Program Files (x86)\Microsoft Visual Studio 10.0\VC\bin\link.exe /ERRORREPORT:PROMPT /OUT:"F:\develop\vs\DxStudy\Debug\CameraStudy.exe" /INCREMENTAL /NOLOGO d3d9.lib d3dx10d.lib d3dx9d.lib dxerr.lib dxguid.lib winmm.lib comctl32.lib kernel32.lib user32.lib gdi32.lib winspool.lib comdlg32.lib advapi32.lib shell32.lib ole32.lib oleaut32.lib uuid.lib odbc32.lib odbccp32.lib /MANIFEST /ManifestFile:"Debug\CameraStudy.exe.intermediate.manifest" /MANIFESTUAC:"level='asInvoker' uiAccess='false'" /DEBUG /PDB:"F:\develop\vs\DxStudy\Debug\CameraStudy.pdb" /SUBSYSTEM:WINDOWS /TLBID:1 /DYNAMICBASE /NXCOMPAT /IMPLIB:"F:\develop\vs\DxStudy\Debug\CameraStudy.lib" /MACHINE:X86 Debug\CameraStudy.exe.embed.manifest.res
         Debug\camera.obj
         Debug\cameraApp.obj
         Debug\d3dUtility.obj
         CameraStudy.vcxproj -> F:\develop\vs\DxStudy\Debug\CameraStudy.exe
       FinalizeBuildStatus:
         Deleting file "Debug\CameraStudy.unsuccessfulbuild".
         Touching "Debug\CameraStudy.lastbuildstate".
     1>Done Building Project "F:\develop\vs\DxStudy\CameraStudy\CameraStudy.vcxproj" (build target(s)).

Build succeeded.

Time Elapsed 00:00:02.44
