Build started 2016/6/21 9:45:44.
     1>Project "F:\develop\vs\DxStudy\3DFontStudy\3DFontStudy.vcxproj" on node 2 (build target(s)).
     1>InitializeBuildStatus:
         Creating "Debug\3DFontStudy.unsuccessfulbuild" because "AlwaysCreate" was specified.
       ClCompile:
         C:\Program Files (x86)\Microsoft Visual Studio 10.0\VC\bin\CL.exe /c /I"C:\Program Files (x86)\Microsoft DirectX SDK (June 2010)\Include" /ZI /nologo /W3 /WX- /Od /Oy- /D WIN32 /D _DEBUG /D _WINDOWS /Gm /EHsc /RTC1 /MDd /GS /fp:precise /Zc:wchar_t /Zc:forScope /Fo"Debug\\" /Fd"Debug\vc100.pdb" /Gd /TP /analyze- /errorReport:prompt d3dxcreatetext.cpp
         d3dxcreatetext.cpp
     1>f:\develop\vs\dxstudy\3dfontstudy\d3dxcreatetext.cpp(58): warning C4996: 'strcpy': This function or variable may be unsafe. Consider using strcpy_s instead. To disable deprecation, use _CRT_SECURE_NO_WARNINGS. See online help for details.
                 c:\program files (x86)\microsoft visual studio 10.0\vc\include\string.h(105) : see declaration of 'strcpy'
       ManifestResourceCompile:
         All outputs are up-to-date.
       Link:
         C:\Program Files (x86)\Microsoft Visual Studio 10.0\VC\bin\link.exe /ERRORREPORT:PROMPT /OUT:"F:\develop\vs\DxStudy\Debug\3DFontStudy.exe" /INCREMENTAL /NOLOGO d3d9.lib d3dx10d.lib d3dx9d.lib dxerr.lib dxguid.lib winmm.lib comctl32.lib kernel32.lib user32.lib gdi32.lib winspool.lib comdlg32.lib advapi32.lib shell32.lib ole32.lib oleaut32.lib uuid.lib odbc32.lib odbccp32.lib /MANIFEST /ManifestFile:"Debug\3DFontStudy.exe.intermediate.manifest" /MANIFESTUAC:"level='asInvoker' uiAccess='false'" /DEBUG /PDB:"F:\develop\vs\DxStudy\Debug\3DFontStudy.pdb" /SUBSYSTEM:WINDOWS /TLBID:1 /DYNAMICBASE /NXCOMPAT /IMPLIB:"F:\develop\vs\DxStudy\Debug\3DFontStudy.lib" /MACHINE:X86 Debug\3DFontStudy.exe.embed.manifest.res
         Debug\d3dUtility.obj
         Debug\d3dxcreatetext.obj
       Manifest:
         C:\Program Files (x86)\Microsoft SDKs\Windows\v7.0A\bin\mt.exe /nologo /verbose /out:"Debug\3DFontStudy.exe.embed.manifest" /manifest Debug\3DFontStudy.exe.intermediate.manifest
         All outputs are up-to-date.
       LinkEmbedManifest:
         All outputs are up-to-date.
         3DFontStudy.vcxproj -> F:\develop\vs\DxStudy\Debug\3DFontStudy.exe
       FinalizeBuildStatus:
         Deleting file "Debug\3DFontStudy.unsuccessfulbuild".
         Touching "Debug\3DFontStudy.lastbuildstate".
     1>Done Building Project "F:\develop\vs\DxStudy\3DFontStudy\3DFontStudy.vcxproj" (build target(s)).

Build succeeded.

Time Elapsed 00:00:01.10
