F:\DEVELOP\VS\DXSTUDY\3DFONTSTUDY\DEBUG\3DFONTSTUDY.EXE.EMBED.MANIFEST
F:\DEVELOP\VS\DXSTUDY\3DFONTSTUDY\DEBUG\3DFONTSTUDY.EXE.EMBED.MANIFEST.RES
F:\DEVELOP\VS\DXSTUDY\3DFONTSTUDY\DEBUG\3DFONTSTUDY.EXE.INTERMEDIATE.MANIFEST
F:\develop\vs\DxStudy\3DFontStudy\Debug\3DFontStudy.write.1.tlog
F:\develop\vs\DxStudy\3DFontStudy\Debug\3DFontStudy_manifest.rc
F:\develop\vs\DxStudy\3DFontStudy\Debug\cl.command.1.tlog
F:\develop\vs\DxStudy\3DFontStudy\Debug\CL.read.1.tlog
F:\develop\vs\DxStudy\3DFontStudy\Debug\CL.write.1.tlog
F:\DEVELOP\VS\DXSTUDY\3DFONTSTUDY\DEBUG\D3DUTILITY.OBJ
F:\DEVELOP\VS\DXSTUDY\3DFONTSTUDY\DEBUG\D3DXCREATETEXT.OBJ
F:\develop\vs\DxStudy\3DFontStudy\Debug\link.24336.read.1.tlog
F:\develop\vs\DxStudy\3DFontStudy\Debug\link.24336.write.1.tlog
F:\develop\vs\DxStudy\3DFontStudy\Debug\link.24336-cvtres.read.1.tlog
F:\develop\vs\DxStudy\3DFontStudy\Debug\link.24336-cvtres.write.1.tlog
F:\develop\vs\DxStudy\3DFontStudy\Debug\link.command.1.tlog
F:\develop\vs\DxStudy\3DFontStudy\Debug\link.read.1.tlog
F:\develop\vs\DxStudy\3DFontStudy\Debug\link.write.1.tlog
F:\develop\vs\DxStudy\3DFontStudy\Debug\link-cvtres.read.1.tlog
F:\develop\vs\DxStudy\3DFontStudy\Debug\link-cvtres.write.1.tlog
F:\develop\vs\DxStudy\3DFontStudy\Debug\mt.command.1.tlog
F:\develop\vs\DxStudy\3DFontStudy\Debug\mt.read.1.tlog
F:\develop\vs\DxStudy\3DFontStudy\Debug\mt.write.1.tlog
F:\develop\vs\DxStudy\3DFontStudy\Debug\rc.command.1.tlog
F:\develop\vs\DxStudy\3DFontStudy\Debug\rc.read.1.tlog
F:\develop\vs\DxStudy\3DFontStudy\Debug\rc.write.1.tlog
F:\develop\vs\DxStudy\3DFontStudy\Debug\vc100.idb
F:\DEVELOP\VS\DXSTUDY\3DFONTSTUDY\DEBUG\VC100.PDB
F:\DEVELOP\VS\DXSTUDY\DEBUG\3DFONTSTUDY.EXE
F:\DEVELOP\VS\DXSTUDY\DEBUG\3DFONTSTUDY.ILK
F:\DEVELOP\VS\DXSTUDY\DEBUG\3DFONTSTUDY.PDB
